<?xml version="1.0" encoding="UTF-8"?>
<testsuite xmlns:xsi="http://www.w3.org/2001/XMLSchema-instance" xsi:noNamespaceSchemaLocation="https://maven.apache.org/surefire/maven-surefire-plugin/xsd/surefire-test-report-3.0.xsd" version="3.0" name="com.codeforces.AddStringTest" time="0.044" tests="5" errors="0" skipped="0" failures="0">
  <properties>
[...]
</properties>
  <testcase name="testAddition(String, String, String)[1]" classname="com.codeforces.AddStringTest" time="0.038"/>
  <testcase name="testAddition(String, String, String)[2]" classname="com.codeforces.AddStringTest" time="0.0"/>
  <testcase name="testAddition(String, String, String)[3]" classname="com.codeforces.AddStringTest" time="0.0"/>
  <testcase name="testAddition(String, String, String)[4]" classname="com.codeforces.AddStringTest" time="0.001"/>
  <testcase name="testAddition(String, String, String)[5]" classname="com.codeforces.AddStringTest" time="0.0"/>
</testsuite>